[INFO] Scanning for projects...
[INFO] 
[INFO] -----------------< com.acme.billing:billing-customer >------------------
[INFO] Building billing-customer 0.0.1-SNAPSHOT
[INFO]   from pom.xml
[INFO] --------------------------------[ jar ]---------------------------------
[INFO] 
[INFO] >>> spring-boot:3.2.0:run (default-cli) > test-compile @ billing-customer >>>
[INFO] 
[INFO] --- resources:3.3.1:resources (default-resources) @ billing-customer ---
[INFO] Copying 1 resource from src/main/resources to target/classes
[INFO] Copying 1 resource from src/main/resources to target/classes
[INFO] 
[INFO] --- compiler:3.11.0:compile (default-compile) @ billing-customer ---
[INFO] Nothing to compile - all classes are up to date
[INFO] 
[INFO] --- resources:3.3.1:testResources (default-testResources) @ billing-customer ---
[INFO] skip non existing resourceDirectory /Users/sunilkumar/Downloads/product-backend-main/src/test/resources
[INFO] 
[INFO] --- compiler:3.11.0:testCompile (default-testCompile) @ billing-customer ---
[INFO] Nothing to compile - all classes are up to date
[INFO] 
[INFO] <<< spring-boot:3.2.0:run (default-cli) < test-compile @ billing-customer <<<
[INFO] 
[INFO] 
[INFO] --- spring-boot:3.2.0:run (default-cli) @ billing-customer ---
[INFO] Attaching agents: []

  .   ____          _            __ _ _
 /\\ / ___'_ __ _ _(_)_ __  __ _ \ \ \ \
( ( )\___ | '_ | '_| | '_ \/ _` | \ \ \ \
 \\/  ___)| |_)| | | | | || (_| |  ) ) ) )
  '  |____| .__|_| |_|_| |_\__, | / / / /
 =========|_|==============|___/=/_/_/_/
 :: Spring Boot ::                (v3.2.0)

2025-12-12T10:09:45.228+05:30  INFO 56452 --- [billing-customer] [  restartedMain] com.billing.BillingApplication           : Starting BillingApplication using Java 17.0.17 with PID 56452 (/Users/sunilkumar/Downloads/product-backend-main/target/classes started by sunilkumar in /Users/sunilkumar/Downloads/product-backend-main)
2025-12-12T10:09:45.229+05:30  INFO 56452 --- [billing-customer] [  restartedMain] com.billing.BillingApplication           : No active profile set, falling back to 1 default profile: "default"
2025-12-12T10:09:45.248+05:30  INFO 56452 --- [billing-customer] [  restartedMain] .e.DevToolsPropertyDefaultsPostProcessor : Devtools property defaults active! Set 'spring.devtools.add-properties' to 'false' to disable
2025-12-12T10:09:45.248+05:30  INFO 56452 --- [billing-customer] [  restartedMain] .e.DevToolsPropertyDefaultsPostProcessor : For additional web related logging consider setting the 'logging.level.web' property to 'DEBUG'
2025-12-12T10:09:45.519+05:30  INFO 56452 --- [billing-customer] [  restartedMain] .s.d.r.c.RepositoryConfigurationDelegate : Bootstrapping Spring Data JPA repositories in DEFAULT mode.
2025-12-12T10:09:45.546+05:30  INFO 56452 --- [billing-customer] [  restartedMain] .s.d.r.c.RepositoryConfigurationDelegate : Finished Spring Data repository scanning in 24 ms. Found 1 JPA repository interface.
2025-12-12T10:09:45.781+05:30  INFO 56452 --- [billing-customer] [  restartedMain] o.s.b.w.embedded.tomcat.TomcatWebServer  : Tomcat initialized with port 8083 (http)
2025-12-12T10:09:45.786+05:30  INFO 56452 --- [billing-customer] [  restartedMain] o.apache.catalina.core.StandardService   : Starting service [Tomcat]
2025-12-12T10:09:45.786+05:30  INFO 56452 --- [billing-customer] [  restartedMain] o.apache.catalina.core.StandardEngine    : Starting Servlet engine: [Apache Tomcat/10.1.16]
2025-12-12T10:09:45.804+05:30  INFO 56452 --- [billing-customer] [  restartedMain] o.a.c.c.C.[Tomcat].[localhost].[/]       : Initializing Spring embedded WebApplicationContext
2025-12-12T10:09:45.804+05:30  INFO 56452 --- [billing-customer] [  restartedMain] w.s.c.ServletWebServerApplicationContext : Root WebApplicationContext: initialization completed in 556 ms
2025-12-12T10:09:45.875+05:30  INFO 56452 --- [billing-customer] [  restartedMain] o.hibernate.jpa.internal.util.LogHelper  : HHH000204: Processing PersistenceUnitInfo [name: default]
2025-12-12T10:09:45.900+05:30  INFO 56452 --- [billing-customer] [  restartedMain] org.hibernate.Version                    : HHH000412: Hibernate ORM core version 6.3.1.Final
2025-12-12T10:09:45.913+05:30  INFO 56452 --- [billing-customer] [  restartedMain] o.h.c.internal.RegionFactoryInitiator    : HHH000026: Second-level cache disabled
2025-12-12T10:09:46.001+05:30  INFO 56452 --- [billing-customer] [  restartedMain] o.s.o.j.p.SpringPersistenceUnitInfo      : No LoadTimeWeaver setup: ignoring JPA class transformer
2025-12-12T10:09:46.010+05:30  INFO 56452 --- [billing-customer] [  restartedMain] com.zaxxer.hikari.HikariDataSource       : HikariPool-1 - Starting...
2025-12-12T10:09:46.160+05:30  INFO 56452 --- [billing-customer] [  restartedMain] com.zaxxer.hikari.pool.HikariPool        : HikariPool-1 - Added connection com.mysql.cj.jdbc.ConnectionImpl@5fc8eb77
2025-12-12T10:09:46.161+05:30  INFO 56452 --- [billing-customer] [  restartedMain] com.zaxxer.hikari.HikariDataSource       : HikariPool-1 - Start completed.
2025-12-12T10:09:46.187+05:30  WARN 56452 --- [billing-customer] [  restartedMain] org.hibernate.orm.deprecation            : HHH90000025: MySQLDialect does not need to be specified explicitly using 'hibernate.dialect' (remove the property setting and it will be selected by default)
2025-12-12T10:09:46.526+05:30  INFO 56452 --- [billing-customer] [  restartedMain] o.h.e.t.j.p.i.JtaPlatformInitiator       : HHH000489: No JTA platform available (set 'hibernate.transaction.jta.platform' to enable JTA platform integration)
2025-12-12T10:09:46.560+05:30  INFO 56452 --- [billing-customer] [  restartedMain] j.LocalContainerEntityManagerFactoryBean : Initialized JPA EntityManagerFactory for persistence unit 'default'
Stored procedure 'product_getall' created successfully.
2025-12-12T10:09:46.693+05:30  INFO 56452 --- [billing-customer] [  restartedMain] o.s.d.j.r.query.QueryEnhancerFactory     : Hibernate is in classpath; If applicable, HQL parser will be used.
2025-12-12T10:09:46.869+05:30  WARN 56452 --- [billing-customer] [  restartedMain] JpaBaseConfiguration$JpaWebConfiguration : spring.jpa.open-in-view is enabled by default. Therefore, database queries may be performed during view rendering. Explicitly configure spring.jpa.open-in-view to disable this warning
2025-12-12T10:09:47.017+05:30  INFO 56452 --- [billing-customer] [  restartedMain] o.s.b.d.a.OptionalLiveReloadServer       : LiveReload server is running on port 35729
2025-12-12T10:09:47.031+05:30  INFO 56452 --- [billing-customer] [  restartedMain] o.s.b.w.embedded.tomcat.TomcatWebServer  : Tomcat started on port 8083 (http) with context path ''
2025-12-12T10:09:47.035+05:30  INFO 56452 --- [billing-customer] [  restartedMain] com.billing.BillingApplication           : Started BillingApplication in 1.94 seconds (process running for 2.106)
2025-12-12T10:10:12.175+05:30  INFO 56452 --- [billing-customer] [nio-8083-exec-1] o.a.c.c.C.[Tomcat].[localhost].[/]       : Initializing Spring DispatcherServlet 'dispatcherServlet'
2025-12-12T10:10:12.175+05:30  INFO 56452 --- [billing-customer] [nio-8083-exec-1] o.s.web.servlet.DispatcherServlet        : Initializing Servlet 'dispatcherServlet'
2025-12-12T10:10:12.184+05:30  INFO 56452 --- [billing-customer] [nio-8083-exec-1] o.s.web.servlet.DispatcherServlet        : Completed initialization in 9 ms
Hibernate: select p1_0.id,p1_0.category,p1_0.created,p1_0.created_by,p1_0.is_active,p1_0.modified,p1_0.modified_by,p1_0.organization_id,p1_0.product_name,p1_0.purchase_price,p1_0.sales_price,p1_0.sku,p1_0.status,p1_0.stock,p1_0.tenant_id from product_table p1_0
Hibernate: select p1_0.id,p1_0.category,p1_0.created,p1_0.created_by,p1_0.is_active,p1_0.modified,p1_0.modified_by,p1_0.organization_id,p1_0.product_name,p1_0.purchase_price,p1_0.sales_price,p1_0.sku,p1_0.status,p1_0.stock,p1_0.tenant_id from product_table p1_0 where p1_0.id=?
Hibernate: update product_table set category=?,created=?,created_by=?,is_active=?,modified=?,modified_by=?,organization_id=?,product_name=?,purchase_price=?,sales_price=?,sku=?,status=?,stock=?,tenant_id=? where id=?
Hibernate: select p1_0.id,p1_0.category,p1_0.created,p1_0.created_by,p1_0.is_active,p1_0.modified,p1_0.modified_by,p1_0.organization_id,p1_0.product_name,p1_0.purchase_price,p1_0.sales_price,p1_0.sku,p1_0.status,p1_0.stock,p1_0.tenant_id from product_table p1_0 where p1_0.id=?
Hibernate: CALL getProductsPagination1(?, ?, ?, ?, ?)
2025-12-12T10:10:46.441+05:30  WARN 56452 --- [billing-customer] [nio-8083-exec-6] .m.m.a.ExceptionHandlerExceptionResolver : Resolved [java.lang.ClassCastException: class java.sql.Timestamp cannot be cast to class java.time.LocalDateTime (java.sql.Timestamp is in module java.sql of loader 'platform'; java.time.LocalDateTime is in module java.base of loader 'bootstrap')]
Hibernate: CALL getProductsPagination1(?, ?, ?, ?, ?)
2025-12-12T10:10:47.828+05:30  WARN 56452 --- [billing-customer] [nio-8083-exec-7] .m.m.a.ExceptionHandlerExceptionResolver : Resolved [java.lang.ClassCastException: class java.sql.Timestamp cannot be cast to class java.time.LocalDateTime (java.sql.Timestamp is in module java.sql of loader 'platform'; java.time.LocalDateTime is in module java.base of loader 'bootstrap')]
Hibernate: CALL getProductsPagination1(?, ?, ?, ?, ?)
Hibernate: CALL getProductsPagination1(?, ?, ?, ?, ?)
2025-12-12T10:10:50.623+05:30  WARN 56452 --- [billing-customer] [io-8083-exec-10] .m.m.a.ExceptionHandlerExceptionResolver : Resolved [java.lang.ClassCastException: class java.sql.Timestamp cannot be cast to class java.time.LocalDateTime (java.sql.Timestamp is in module java.sql of loader 'platform'; java.time.LocalDateTime is in module java.base of loader 'bootstrap')]
Hibernate: select p1_0.id,p1_0.category,p1_0.created,p1_0.created_by,p1_0.is_active,p1_0.modified,p1_0.modified_by,p1_0.organization_id,p1_0.product_name,p1_0.purchase_price,p1_0.sales_price,p1_0.sku,p1_0.status,p1_0.stock,p1_0.tenant_id from product_table p1_0 where p1_0.tenant_id=? and p1_0.organization_id=?
Hibernate: CALL getProductsPagination1(?, ?, ?, ?, ?)
2025-12-12T10:10:54.879+05:30  WARN 56452 --- [billing-customer] [nio-8083-exec-3] .m.m.a.ExceptionHandlerExceptionResolver : Resolved [java.lang.ClassCastException: class java.sql.Timestamp cannot be cast to class java.time.LocalDateTime (java.sql.Timestamp is in module java.sql of loader 'platform'; java.time.LocalDateTime is in module java.base of loader 'bootstrap')]
2025-12-12T10:11:20.316+05:30  INFO 56452 --- [billing-customer] [   File Watcher] rtingClassPathChangeChangedEventListener : Restarting due to 16 class path changes (0 additions, 0 deletions, 16 modifications)
2025-12-12T10:11:20.336+05:30  INFO 56452 --- [billing-customer] [       Thread-5] j.LocalContainerEntityManagerFactoryBean : Closing JPA EntityManagerFactory for persistence unit 'default'
2025-12-12T10:11:20.342+05:30  INFO 56452 --- [billing-customer] [       Thread-5] com.zaxxer.hikari.HikariDataSource       : HikariPool-1 - Shutdown initiated...
2025-12-12T10:11:20.351+05:30  INFO 56452 --- [billing-customer] [       Thread-5] com.zaxxer.hikari.HikariDataSource       : HikariPool-1 - Shutdown completed.

  .   ____          _            __ _ _
 /\\ / ___'_ __ _ _(_)_ __  __ _ \ \ \ \
( ( )\___ | '_ | '_| | '_ \/ _` | \ \ \ \
 \\/  ___)| |_)| | | | | || (_| |  ) ) ) )
  '  |____| .__|_| |_|_| |_\__, | / / / /
 =========|_|==============|___/=/_/_/_/
 :: Spring Boot ::                (v3.2.0)

2025-12-12T10:11:20.408+05:30  INFO 56452 --- [billing-customer] [  restartedMain] com.billing.BillingApplication           : Starting BillingApplication using Java 17.0.17 with PID 56452 (/Users/sunilkumar/Downloads/product-backend-main/target/classes started by sunilkumar in /Users/sunilkumar/Downloads/product-backend-main)
2025-12-12T10:11:20.408+05:30  INFO 56452 --- [billing-customer] [  restartedMain] com.billing.BillingApplication           : No active profile set, falling back to 1 default profile: "default"
2025-12-12T10:11:20.468+05:30  INFO 56452 --- [billing-customer] [  restartedMain] .s.d.r.c.RepositoryConfigurationDelegate : Bootstrapping Spring Data JPA repositories in DEFAULT mode.
2025-12-12T10:11:20.472+05:30  INFO 56452 --- [billing-customer] [  restartedMain] .s.d.r.c.RepositoryConfigurationDelegate : Finished Spring Data repository scanning in 3 ms. Found 1 JPA repository interface.
2025-12-12T10:11:20.521+05:30  INFO 56452 --- [billing-customer] [  restartedMain] o.s.b.w.embedded.tomcat.TomcatWebServer  : Tomcat initialized with port 8083 (http)
2025-12-12T10:11:20.521+05:30  INFO 56452 --- [billing-customer] [  restartedMain] o.apache.catalina.core.StandardService   : Starting service [Tomcat]
2025-12-12T10:11:20.521+05:30  INFO 56452 --- [billing-customer] [  restartedMain] o.apache.catalina.core.StandardEngine    : Starting Servlet engine: [Apache Tomcat/10.1.16]
2025-12-12T10:11:20.525+05:30  INFO 56452 --- [billing-customer] [  restartedMain] o.a.c.c.C.[Tomcat].[localhost].[/]       : Initializing Spring embedded WebApplicationContext
2025-12-12T10:11:20.525+05:30  INFO 56452 --- [billing-customer] [  restartedMain] w.s.c.ServletWebServerApplicationContext : Root WebApplicationContext: initialization completed in 116 ms
2025-12-12T10:11:20.544+05:30  INFO 56452 --- [billing-customer] [  restartedMain] o.hibernate.jpa.internal.util.LogHelper  : HHH000204: Processing PersistenceUnitInfo [name: default]
2025-12-12T10:11:20.545+05:30  INFO 56452 --- [billing-customer] [  restartedMain] o.h.c.internal.RegionFactoryInitiator    : HHH000026: Second-level cache disabled
2025-12-12T10:11:20.546+05:30  INFO 56452 --- [billing-customer] [  restartedMain] o.s.o.j.p.SpringPersistenceUnitInfo      : No LoadTimeWeaver setup: ignoring JPA class transformer
2025-12-12T10:11:20.546+05:30  INFO 56452 --- [billing-customer] [  restartedMain] com.zaxxer.hikari.HikariDataSource       : HikariPool-2 - Starting...
2025-12-12T10:11:20.562+05:30  INFO 56452 --- [billing-customer] [  restartedMain] com.zaxxer.hikari.pool.HikariPool        : HikariPool-2 - Added connection com.mysql.cj.jdbc.ConnectionImpl@23b54782
2025-12-12T10:11:20.562+05:30  INFO 56452 --- [billing-customer] [  restartedMain] com.zaxxer.hikari.HikariDataSource       : HikariPool-2 - Start completed.
2025-12-12T10:11:20.563+05:30  WARN 56452 --- [billing-customer] [  restartedMain] org.hibernate.orm.deprecation            : HHH90000025: MySQLDialect does not need to be specified explicitly using 'hibernate.dialect' (remove the property setting and it will be selected by default)
2025-12-12T10:11:20.581+05:30  INFO 56452 --- [billing-customer] [  restartedMain] o.h.e.t.j.p.i.JtaPlatformInitiator       : HHH000489: No JTA platform available (set 'hibernate.transaction.jta.platform' to enable JTA platform integration)
2025-12-12T10:11:20.611+05:30  INFO 56452 --- [billing-customer] [  restartedMain] j.LocalContainerEntityManagerFactoryBean : Initialized JPA EntityManagerFactory for persistence unit 'default'
Stored procedure 'product_getall' created successfully.
2025-12-12T10:11:20.683+05:30  WARN 56452 --- [billing-customer] [  restartedMain] JpaBaseConfiguration$JpaWebConfiguration : spring.jpa.open-in-view is enabled by default. Therefore, database queries may be performed during view rendering. Explicitly configure spring.jpa.open-in-view to disable this warning
2025-12-12T10:11:20.735+05:30  INFO 56452 --- [billing-customer] [  restartedMain] o.s.b.d.a.OptionalLiveReloadServer       : LiveReload server is running on port 35729
2025-12-12T10:11:20.740+05:30  INFO 56452 --- [billing-customer] [  restartedMain] o.s.b.w.embedded.tomcat.TomcatWebServer  : Tomcat started on port 8083 (http) with context path ''
2025-12-12T10:11:20.742+05:30  INFO 56452 --- [billing-customer] [  restartedMain] com.billing.BillingApplication           : Started BillingApplication in 0.343 seconds (process running for 95.816)
2025-12-12T10:11:20.744+05:30  INFO 56452 --- [billing-customer] [  restartedMain] .ConditionEvaluationDeltaLoggingListener : Condition evaluation unchanged
2025-12-12T10:11:24.918+05:30  INFO 56452 --- [billing-customer] [nio-8083-exec-1] o.a.c.c.C.[Tomcat].[localhost].[/]       : Initializing Spring DispatcherServlet 'dispatcherServlet'
2025-12-12T10:11:24.918+05:30  INFO 56452 --- [billing-customer] [nio-8083-exec-1] o.s.web.servlet.DispatcherServlet        : Initializing Servlet 'dispatcherServlet'
2025-12-12T10:11:24.919+05:30  INFO 56452 --- [billing-customer] [nio-8083-exec-1] o.s.web.servlet.DispatcherServlet        : Completed initialization in 1 ms
Hibernate: CALL getProductsPagination1(?, ?, ?, ?, ?)
Hibernate: CALL getProductsPagination1(?, ?, ?, ?, ?)
Hibernate: CALL getProductsPagination1(?, ?, ?, ?, ?)
Hibernate: CALL getProductsPagination1(?, ?, ?, ?, ?)
Hibernate: CALL getProductsPagination1(?, ?, ?, ?, ?)
Hibernate: CALL getProductsPagination1(?, ?, ?, ?, ?)
Hibernate: CALL getProductsPagination1(?, ?, ?, ?, ?)
Hibernate: CALL getProductsPagination1(?, ?, ?, ?, ?)
