2025-12-29 16:37:12 INFO  org.hibernate.validator.internal.util.Version - HV000001: Hibernate Validator 8.0.1.Final
2025-12-29 16:37:12 INFO  com.billing.BillingApplication - Starting BillingApplication using Java 21.0.9 with PID 5736 (E:\Anna lakshmi\GitHub\billing_backend\billing_backend\target\classes started by mypc in E:\Anna lakshmi\GitHub\billing_backend\billing_backend)
2025-12-29 16:37:12 INFO  com.billing.BillingApplication - No active profile set, falling back to 1 default profile: "default"
2025-12-29 16:37:12 INFO  org.springframework.boot.devtools.env.DevToolsPropertyDefaultsPostProcessor - Devtools property defaults active! Set 'spring.devtools.add-properties' to 'false' to disable
2025-12-29 16:37:12 INFO  org.springframework.boot.devtools.env.DevToolsPropertyDefaultsPostProcessor - For additional web related logging consider setting the 'logging.level.web' property to 'DEBUG'
2025-12-29 16:37:15 INFO  org.springframework.data.repository.config.RepositoryConfigurationDelegate - Bootstrapping Spring Data JPA repositories in DEFAULT mode.
2025-12-29 16:37:15 INFO  org.springframework.data.repository.config.RepositoryConfigurationDelegate - Finished Spring Data repository scanning in 81 ms. Found 3 JPA repository interfaces.
2025-12-29 16:37:16 INFO  org.springframework.boot.web.embedded.tomcat.TomcatWebServer - Tomcat initialized with port 8080 (http)
2025-12-29 16:37:16 INFO  org.apache.coyote.http11.Http11NioProtocol - Initializing ProtocolHandler ["http-nio-8080"]
2025-12-29 16:37:16 INFO  org.apache.catalina.core.StandardService - Starting service [Tomcat]
2025-12-29 16:37:16 INFO  org.apache.catalina.core.StandardEngine - Starting Servlet engine: [Apache Tomcat/10.1.16]
2025-12-29 16:37:16 INFO  org.apache.catalina.core.ContainerBase.[Tomcat].[localhost].[/api] - Initializing Spring embedded WebApplicationContext
2025-12-29 16:37:16 INFO  org.springframework.boot.web.servlet.context.ServletWebServerApplicationContext - Root WebApplicationContext: initialization completed in 4422 ms
2025-12-29 16:37:17 INFO  org.hibernate.jpa.internal.util.LogHelper - HHH000204: Processing PersistenceUnitInfo [name: default]
2025-12-29 16:37:17 INFO  org.hibernate.Version - HHH000412: Hibernate ORM core version 6.3.1.Final
2025-12-29 16:37:17 INFO  org.hibernate.cache.internal.RegionFactoryInitiator - HHH000026: Second-level cache disabled
2025-12-29 16:37:17 INFO  org.springframework.orm.jpa.persistenceunit.SpringPersistenceUnitInfo - No LoadTimeWeaver setup: ignoring JPA class transformer
2025-12-29 16:37:17 INFO  com.zaxxer.hikari.HikariDataSource - HikariPool-1 - Starting...
2025-12-29 16:37:19 INFO  com.zaxxer.hikari.pool.HikariPool - HikariPool-1 - Added connection com.mysql.cj.jdbc.ConnectionImpl@96e0a79
2025-12-29 16:37:19 INFO  com.zaxxer.hikari.HikariDataSource - HikariPool-1 - Start completed.
2025-12-29 16:37:19 WARN  org.hibernate.orm.deprecation - HHH90000025: MySQLDialect does not need to be specified explicitly using 'hibernate.dialect' (remove the property setting and it will be selected by default)
2025-12-29 16:37:21 INFO  org.hibernate.engine.transaction.jta.platform.internal.JtaPlatformInitiator - HHH000489: No JTA platform available (set 'hibernate.transaction.jta.platform' to enable JTA platform integration)
2025-12-29 16:37:21 INFO  org.springframework.orm.jpa.LocalContainerEntityManagerFactoryBean - Initialized JPA EntityManagerFactory for persistence unit 'default'
2025-12-29 16:37:23 INFO  org.springframework.data.jpa.repository.query.QueryEnhancerFactory - Hibernate is in classpath; If applicable, HQL parser will be used.
2025-12-29 16:37:23 WARN  org.springframework.boot.autoconfigure.orm.jpa.JpaBaseConfiguration$JpaWebConfiguration - spring.jpa.open-in-view is enabled by default. Therefore, database queries may be performed during view rendering. Explicitly configure spring.jpa.open-in-view to disable this warning
2025-12-29 16:37:24 INFO  org.springframework.boot.devtools.autoconfigure.OptionalLiveReloadServer - LiveReload server is running on port 35729
2025-12-29 16:37:24 INFO  org.apache.coyote.http11.Http11NioProtocol - Starting ProtocolHandler ["http-nio-8080"]
2025-12-29 16:37:24 INFO  org.springframework.boot.web.embedded.tomcat.TomcatWebServer - Tomcat started on port 8080 (http) with context path '/api'
2025-12-29 16:37:24 INFO  com.billing.BillingApplication - Started BillingApplication in 13.679 seconds (process running for 14.665)
2025-12-29 16:37:38 INFO  org.apache.catalina.core.ContainerBase.[Tomcat].[localhost].[/api] - Initializing Spring DispatcherServlet 'dispatcherServlet'
2025-12-29 16:37:38 INFO  org.springframework.web.servlet.DispatcherServlet - Initializing Servlet 'dispatcherServlet'
2025-12-29 16:37:38 INFO  org.springframework.web.servlet.DispatcherServlet - Completed initialization in 2 ms
2025-12-29 16:37:41 INFO  org.springdoc.api.AbstractOpenApiResource - Init duration for springdoc-openapi is: 1571 ms
2025-12-29 16:38:24 INFO  com.billing.controller.ProductController - Create Product API called | tenantId=50 | organizationId=50
2025-12-29 16:38:24 INFO  com.billing.controller.ProductController - Product created successfully | productId=71
